<?xml version="1.0" encoding="UTF-8"?>
<testsuite name="ocr.DigitPatternTest" tests="1" skipped="0" failures="0" errors="0" timestamp="2023-10-18T13:56:21" hostname="Mohammeds-MacBook-Pro.local" time="0.013">
  <properties/>
  <testcase name="convertsPatternDigitToNumber()" classname="ocr.DigitPatternTest" time="0.013"/>
  <system-out><![CDATA[]]></system-out>
  <system-err><![CDATA[]]></system-err>
</testsuite>
